{"/home/bisry/Documents/projects/pokeapi-test/index.js": {"path":"/home/bisry/Documents/projects/pokeapi-test/index.js","statementMap":{"0":{"start":{"line":1,"column":16},"end":{"line":1,"column":34}},"1":{"start":{"line":2,"column":14},"end":{"line":2,"column":30}},"2":{"start":{"line":3,"column":15},"end":{"line":3,"column":32}},"3":{"start":{"line":4,"column":12},"end":{"line":4,"column":35}},"4":{"start":{"line":6,"column":12},"end":{"line":6,"column":21}},"5":{"start":{"line":7,"column":13},"end":{"line":7,"column":37}},"6":{"start":{"line":9,"column":0},"end":{"line":9,"column":24}},"7":{"start":{"line":11,"column":21},"end":{"line":18,"column":1}},"8":{"start":{"line":20,"column":12},"end":{"line":20,"column":14}},"9":{"start":{"line":22,"column":19},"end":{"line":22,"column":62}},"10":{"start":{"line":24,"column":0},"end":{"line":41,"column":3}},"11":{"start":{"line":25,"column":33},"end":{"line":25,"column":41}},"12":{"start":{"line":27,"column":2},"end":{"line":31,"column":3}},"13":{"start":{"line":28,"column":4},"end":{"line":30,"column":61}},"14":{"start":{"line":33,"column":2},"end":{"line":35,"column":3}},"15":{"start":{"line":33,"column":24},"end":{"line":33,"column":47}},"16":{"start":{"line":34,"column":4},"end":{"line":34,"column":70}},"17":{"start":{"line":37,"column":25},"end":{"line":37,"column":56}},"18":{"start":{"line":39,"column":2},"end":{"line":39,"column":53}},"19":{"start":{"line":40,"column":2},"end":{"line":40,"column":65}},"20":{"start":{"line":43,"column":0},"end":{"line":53,"column":3}},"21":{"start":{"line":44,"column":33},"end":{"line":44,"column":41}},"22":{"start":{"line":45,"column":15},"end":{"line":45,"column":57}},"23":{"start":{"line":45,"column":33},"end":{"line":45,"column":56}},"24":{"start":{"line":47,"column":2},"end":{"line":52,"column":3}},"25":{"start":{"line":48,"column":18},"end":{"line":48,"column":73}},"26":{"start":{"line":49,"column":4},"end":{"line":49,"column":24}},"27":{"start":{"line":51,"column":4},"end":{"line":51,"column":59}},"28":{"start":{"line":55,"column":0},"end":{"line":71,"column":3}},"29":{"start":{"line":56,"column":2},"end":{"line":70,"column":3}},"30":{"start":{"line":57,"column":21},"end":{"line":57,"column":31}},"31":{"start":{"line":59,"column":4},"end":{"line":62,"column":5}},"32":{"start":{"line":59,"column":35},"end":{"line":59,"column":64}},"33":{"start":{"line":60,"column":22},"end":{"line":60,"column":79}},"34":{"start":{"line":60,"column":49},"end":{"line":60,"column":78}},"35":{"start":{"line":61,"column":6},"end":{"line":61,"column":31}},"36":{"start":{"line":64,"column":21},"end":{"line":66,"column":5}},"37":{"start":{"line":67,"column":4},"end":{"line":67,"column":28}},"38":{"start":{"line":69,"column":4},"end":{"line":69,"column":57}},"39":{"start":{"line":73,"column":0},"end":{"line":92,"column":3}},"40":{"start":{"line":74,"column":21},"end":{"line":74,"column":29}},"41":{"start":{"line":75,"column":2},"end":{"line":77,"column":3}},"42":{"start":{"line":76,"column":4},"end":{"line":76,"column":63}},"43":{"start":{"line":78,"column":2},"end":{"line":84,"column":3}},"44":{"start":{"line":83,"column":4},"end":{"line":83,"column":65}},"45":{"start":{"line":86,"column":2},"end":{"line":88,"column":3}},"46":{"start":{"line":86,"column":33},"end":{"line":86,"column":59}},"47":{"start":{"line":87,"column":4},"end":{"line":87,"column":69}},"48":{"start":{"line":90,"column":2},"end":{"line":90,"column":34}},"49":{"start":{"line":91,"column":2},"end":{"line":91,"column":35}},"50":{"start":{"line":94,"column":0},"end":{"line":111,"column":3}},"51":{"start":{"line":95,"column":19},"end":{"line":95,"column":29}},"52":{"start":{"line":96,"column":18},"end":{"line":96,"column":26}},"53":{"start":{"line":97,"column":16},"end":{"line":97,"column":59}},"54":{"start":{"line":97,"column":43},"end":{"line":97,"column":58}},"55":{"start":{"line":99,"column":2},"end":{"line":110,"column":3}},"56":{"start":{"line":100,"column":4},"end":{"line":105,"column":5}},"57":{"start":{"line":104,"column":6},"end":{"line":104,"column":67}},"58":{"start":{"line":106,"column":4},"end":{"line":106,"column":36}},"59":{"start":{"line":107,"column":4},"end":{"line":107,"column":22}},"60":{"start":{"line":109,"column":4},"end":{"line":109,"column":57}},"61":{"start":{"line":113,"column":0},"end":{"line":123,"column":3}},"62":{"start":{"line":114,"column":19},"end":{"line":114,"column":29}},"63":{"start":{"line":115,"column":16},"end":{"line":115,"column":64}},"64":{"start":{"line":115,"column":48},"end":{"line":115,"column":63}},"65":{"start":{"line":117,"column":2},"end":{"line":122,"column":3}},"66":{"start":{"line":118,"column":4},"end":{"line":118,"column":36}},"67":{"start":{"line":119,"column":4},"end":{"line":119,"column":26}},"68":{"start":{"line":121,"column":4},"end":{"line":121,"column":57}},"69":{"start":{"line":125,"column":15},"end":{"line":127,"column":2}},"70":{"start":{"line":126,"column":2},"end":{"line":126,"column":51}},"71":{"start":{"line":129,"column":0},"end":{"line":129,"column":40}}},"fnMap":{"0":{"name":"(anonymous_0)","decl":{"start":{"line":24,"column":20},"end":{"line":24,"column":21}},"loc":{"start":{"line":24,"column":40},"end":{"line":41,"column":1}},"line":24},"1":{"name":"(anonymous_1)","decl":{"start":{"line":33,"column":17},"end":{"line":33,"column":18}},"loc":{"start":{"line":33,"column":24},"end":{"line":33,"column":47}},"line":33},"2":{"name":"(anonymous_2)","decl":{"start":{"line":43,"column":19},"end":{"line":43,"column":20}},"loc":{"start":{"line":43,"column":39},"end":{"line":53,"column":1}},"line":43},"3":{"name":"(anonymous_3)","decl":{"start":{"line":45,"column":26},"end":{"line":45,"column":27}},"loc":{"start":{"line":45,"column":33},"end":{"line":45,"column":56}},"line":45},"4":{"name":"(anonymous_4)","decl":{"start":{"line":55,"column":26},"end":{"line":55,"column":27}},"loc":{"start":{"line":55,"column":46},"end":{"line":71,"column":1}},"line":55},"5":{"name":"(anonymous_5)","decl":{"start":{"line":59,"column":28},"end":{"line":59,"column":29}},"loc":{"start":{"line":59,"column":35},"end":{"line":59,"column":64}},"line":59},"6":{"name":"(anonymous_6)","decl":{"start":{"line":60,"column":42},"end":{"line":60,"column":43}},"loc":{"start":{"line":60,"column":49},"end":{"line":60,"column":78}},"line":60},"7":{"name":"(anonymous_7)","decl":{"start":{"line":73,"column":21},"end":{"line":73,"column":22}},"loc":{"start":{"line":73,"column":35},"end":{"line":92,"column":1}},"line":73},"8":{"name":"(anonymous_8)","decl":{"start":{"line":86,"column":26},"end":{"line":86,"column":27}},"loc":{"start":{"line":86,"column":33},"end":{"line":86,"column":59}},"line":86},"9":{"name":"(anonymous_9)","decl":{"start":{"line":94,"column":28},"end":{"line":94,"column":29}},"loc":{"start":{"line":94,"column":42},"end":{"line":111,"column":1}},"line":94},"10":{"name":"(anonymous_10)","decl":{"start":{"line":97,"column":36},"end":{"line":97,"column":37}},"loc":{"start":{"line":97,"column":43},"end":{"line":97,"column":58}},"line":97},"11":{"name":"(anonymous_11)","decl":{"start":{"line":113,"column":29},"end":{"line":113,"column":30}},"loc":{"start":{"line":113,"column":43},"end":{"line":123,"column":1}},"line":113},"12":{"name":"(anonymous_12)","decl":{"start":{"line":115,"column":41},"end":{"line":115,"column":42}},"loc":{"start":{"line":115,"column":48},"end":{"line":115,"column":63}},"line":115},"13":{"name":"(anonymous_13)","decl":{"start":{"line":125,"column":32},"end":{"line":125,"column":33}},"loc":{"start":{"line":125,"column":38},"end":{"line":127,"column":1}},"line":125}},"branchMap":{"0":{"loc":{"start":{"line":7,"column":13},"end":{"line":7,"column":37}},"type":"binary-expr","locations":[{"start":{"line":7,"column":13},"end":{"line":7,"column":29}},{"start":{"line":7,"column":33},"end":{"line":7,"column":37}}],"line":7},"1":{"loc":{"start":{"line":22,"column":19},"end":{"line":22,"column":62}},"type":"binary-expr","locations":[{"start":{"line":22,"column":19},"end":{"line":22,"column":41}},{"start":{"line":22,"column":45},"end":{"line":22,"column":62}}],"line":22},"2":{"loc":{"start":{"line":27,"column":2},"end":{"line":31,"column":3}},"type":"if","locations":[{"start":{"line":27,"column":2},"end":{"line":31,"column":3}},{"start":{},"end":{}}],"line":27},"3":{"loc":{"start":{"line":27,"column":6},"end":{"line":27,"column":28}},"type":"binary-expr","locations":[{"start":{"line":27,"column":6},"end":{"line":27,"column":15}},{"start":{"line":27,"column":19},"end":{"line":27,"column":28}}],"line":27},"4":{"loc":{"start":{"line":33,"column":2},"end":{"line":35,"column":3}},"type":"if","locations":[{"start":{"line":33,"column":2},"end":{"line":35,"column":3}},{"start":{},"end":{}}],"line":33},"5":{"loc":{"start":{"line":47,"column":2},"end":{"line":52,"column":3}},"type":"if","locations":[{"start":{"line":47,"column":2},"end":{"line":52,"column":3}},{"start":{"line":50,"column":9},"end":{"line":52,"column":3}}],"line":47},"6":{"loc":{"start":{"line":47,"column":6},"end":{"line":47,"column":61}},"type":"binary-expr","locations":[{"start":{"line":47,"column":6},"end":{"line":47,"column":10}},{"start":{"line":47,"column":15},"end":{"line":47,"column":60}}],"line":47},"7":{"loc":{"start":{"line":59,"column":4},"end":{"line":62,"column":5}},"type":"if","locations":[{"start":{"line":59,"column":4},"end":{"line":62,"column":5}},{"start":{},"end":{}}],"line":59},"8":{"loc":{"start":{"line":75,"column":2},"end":{"line":77,"column":3}},"type":"if","locations":[{"start":{"line":75,"column":2},"end":{"line":77,"column":3}},{"start":{},"end":{}}],"line":75},"9":{"loc":{"start":{"line":78,"column":2},"end":{"line":84,"column":3}},"type":"if","locations":[{"start":{"line":78,"column":2},"end":{"line":84,"column":3}},{"start":{},"end":{}}],"line":78},"10":{"loc":{"start":{"line":79,"column":4},"end":{"line":81,"column":41}},"type":"binary-expr","locations":[{"start":{"line":79,"column":4},"end":{"line":79,"column":50}},{"start":{"line":80,"column":4},"end":{"line":80,"column":41}},{"start":{"line":81,"column":4},"end":{"line":81,"column":41}}],"line":79},"11":{"loc":{"start":{"line":86,"column":2},"end":{"line":88,"column":3}},"type":"if","locations":[{"start":{"line":86,"column":2},"end":{"line":88,"column":3}},{"start":{},"end":{}}],"line":86},"12":{"loc":{"start":{"line":99,"column":2},"end":{"line":110,"column":3}},"type":"if","locations":[{"start":{"line":99,"column":2},"end":{"line":110,"column":3}},{"start":{"line":108,"column":9},"end":{"line":110,"column":3}}],"line":99},"13":{"loc":{"start":{"line":100,"column":4},"end":{"line":105,"column":5}},"type":"if","locations":[{"start":{"line":100,"column":4},"end":{"line":105,"column":5}},{"start":{},"end":{}}],"line":100},"14":{"loc":{"start":{"line":101,"column":6},"end":{"line":102,"column":49}},"type":"binary-expr","locations":[{"start":{"line":101,"column":6},"end":{"line":101,"column":29}},{"start":{"line":102,"column":6},"end":{"line":102,"column":49}}],"line":101},"15":{"loc":{"start":{"line":117,"column":2},"end":{"line":122,"column":3}},"type":"if","locations":[{"start":{"line":117,"column":2},"end":{"line":122,"column":3}},{"start":{"line":120,"column":9},"end":{"line":122,"column":3}}],"line":117}},"s":{"0":1,"1":1,"2":1,"3":1,"4":1,"5":1,"6":1,"7":1,"8":1,"9":1,"10":1,"11":6,"12":6,"13":1,"14":5,"15":5,"16":3,"17":2,"18":2,"19":2,"20":1,"21":5,"22":5,"23":6,"24":5,"25":2,"26":2,"27":3,"28":1,"29":12,"30":12,"31":12,"32":13,"33":2,"34":3,"35":2,"36":10,"37":9,"38":1,"39":1,"40":4,"41":4,"42":1,"43":3,"44":1,"45":2,"46":2,"47":1,"48":1,"49":1,"50":1,"51":3,"52":3,"53":3,"54":6,"55":3,"56":2,"57":1,"58":1,"59":1,"60":1,"61":1,"62":2,"63":2,"64":3,"65":2,"66":1,"67":1,"68":1,"69":1,"70":1,"71":1},"f":{"0":6,"1":5,"2":5,"3":6,"4":12,"5":13,"6":3,"7":4,"8":2,"9":3,"10":6,"11":2,"12":3,"13":1},"b":{"0":[1,1],"1":[1,1],"2":[1,5],"3":[6,6],"4":[3,2],"5":[2,3],"6":[5,4],"7":[2,10],"8":[1,3],"9":[1,2],"10":[3,2,2],"11":[1,1],"12":[2,1],"13":[1,1],"14":[2,2],"15":[1,1]},"_coverageSchema":"1a1c01bbd47fc00a2c39e90264f33305004495a9","hash":"1577a506deee37d7c7b90f1be6ce5cd3677b51f2"}
}
