TN:
SF:index.js
FN:24,(anonymous_0)
FN:33,(anonymous_1)
FN:43,(anonymous_2)
FN:45,(anonymous_3)
FN:55,(anonymous_4)
FN:59,(anonymous_5)
FN:60,(anonymous_6)
FN:73,(anonymous_7)
FN:86,(anonymous_8)
FN:94,(anonymous_9)
FN:97,(anonymous_10)
FN:113,(anonymous_11)
FN:115,(anonymous_12)
FN:125,(anonymous_13)
FNF:14
FNH:14
FNDA:6,(anonymous_0)
FNDA:5,(anonymous_1)
FNDA:5,(anonymous_2)
FNDA:6,(anonymous_3)
FNDA:12,(anonymous_4)
FNDA:13,(anonymous_5)
FNDA:3,(anonymous_6)
FNDA:4,(anonymous_7)
FNDA:2,(anonymous_8)
FNDA:3,(anonymous_9)
FNDA:6,(anonymous_10)
FNDA:2,(anonymous_11)
FNDA:3,(anonymous_12)
FNDA:1,(anonymous_13)
DA:1,1
DA:2,1
DA:3,1
DA:4,1
DA:6,1
DA:7,1
DA:9,1
DA:11,1
DA:20,1
DA:22,1
DA:24,1
DA:25,6
DA:27,6
DA:28,1
DA:33,5
DA:34,3
DA:37,2
DA:39,2
DA:40,2
DA:43,1
DA:44,5
DA:45,6
DA:47,5
DA:48,2
DA:49,2
DA:51,3
DA:55,1
DA:56,12
DA:57,12
DA:59,13
DA:60,3
DA:61,2
DA:64,10
DA:67,9
DA:69,1
DA:73,1
DA:74,4
DA:75,4
DA:76,1
DA:78,3
DA:83,1
DA:86,2
DA:87,1
DA:90,1
DA:91,1
DA:94,1
DA:95,3
DA:96,3
DA:97,6
DA:99,3
DA:100,2
DA:104,1
DA:106,1
DA:107,1
DA:109,1
DA:113,1
DA:114,2
DA:115,3
DA:117,2
DA:118,1
DA:119,1
DA:121,1
DA:125,1
DA:126,1
DA:129,1
LF:65
LH:65
BRDA:7,0,0,1
BRDA:7,0,1,1
BRDA:22,1,0,1
BRDA:22,1,1,1
BRDA:27,2,0,1
BRDA:27,2,1,5
BRDA:27,3,0,6
BRDA:27,3,1,6
BRDA:33,4,0,3
BRDA:33,4,1,2
BRDA:47,5,0,2
BRDA:47,5,1,3
BRDA:47,6,0,5
BRDA:47,6,1,4
BRDA:59,7,0,2
BRDA:59,7,1,10
BRDA:75,8,0,1
BRDA:75,8,1,3
BRDA:78,9,0,1
BRDA:78,9,1,2
BRDA:79,10,0,3
BRDA:79,10,1,2
BRDA:79,10,2,2
BRDA:86,11,0,1
BRDA:86,11,1,1
BRDA:99,12,0,2
BRDA:99,12,1,1
BRDA:100,13,0,1
BRDA:100,13,1,1
BRDA:101,14,0,2
BRDA:101,14,1,2
BRDA:117,15,0,1
BRDA:117,15,1,1
BRF:33
BRH:33
end_of_record
